#! /usr/local/bin/vvp
:ivl_version "12.0 (stable)";
:ivl_delay_selection "TYPICAL";
:vpi_time_precision - 9;
:vpi_module "/usr/local/lib/ivl/system.vpi";
:vpi_module "/usr/local/lib/ivl/vhdl_sys.vpi";
:vpi_module "/usr/local/lib/ivl/vhdl_textio.vpi";
:vpi_module "/usr/local/lib/ivl/v2005_math.vpi";
:vpi_module "/usr/local/lib/ivl/va_math.vpi";
:vpi_module "/usr/local/lib/ivl/v2009.vpi";
S_0xd7ea60 .scope package, "$unit" "$unit" 2 1;
 .timescale -9 -9;
S_0xd68e90 .scope module, "tb" "tb" 3 5;
 .timescale -9 -9;
v0xdaa6c0 .array "ar_display_number", 3 0;
v0xdaa6c0_0 .net v0xdaa6c0 0, 3 0, L_0xdbe770; 1 drivers
v0xdaa6c0_1 .net v0xdaa6c0 1, 3 0, L_0xdbe8a0; 1 drivers
v0xdaa6c0_2 .net v0xdaa6c0 2, 3 0, L_0xdbe940; 1 drivers
v0xdaa6c0_3 .net v0xdaa6c0 3, 3 0, L_0xdbe9e0; 1 drivers
v0xdaa820_0 .var/2s "args", 31 0;
v0xdaa900_0 .var "clk", 0 0;
v0xdaaa60_0 .net "display_number", 15 0, L_0xdbe1d0;  1 drivers
v0xdaab30_0 .var/2s "fd", 31 0;
v0xdaabf0_0 .var "key_sw_p", 3 0;
v0xdaacb0_0 .net "led_p", 3 0, L_0xdbe630;  1 drivers
v0xdaad80_0 .var "reset_p", 0 0;
v0xdaae50_0 .var/2s "test_id", 31 0;
v0xdaaf80 .array/str "test_name", 0 3;
v0xdab020_0 .var "test_passed", 0 0;
v0xdab0e0_0 .var "test_stop", 0 0;
v0xdab1a0_0 .var "test_timeout", 0 0;
E_0xd4f5a0 .event negedge, v0xdaa420_0;
L_0xdbe770 .part L_0xdbe1d0, 0, 4;
L_0xdbe8a0 .part L_0xdbe1d0, 4, 4;
L_0xdbe940 .part L_0xdbe1d0, 8, 4;
L_0xdbe9e0 .part L_0xdbe1d0, 12, 4;
S_0xd76e80 .scope begin, "$ivl_for_loop0" "$ivl_for_loop0" 3 113, 3 113 0, S_0xd68e90;
 .timescale -9 -9;
v0xd66540_0 .var/2s "ii", 31 0;
E_0xd564a0 .event posedge, v0xda3010_0;
S_0xd9ee70 .scope task, "test_finish" "test_finish" 3 24, 3 24 0, S_0xd68e90;
 .timescale -9 -9;
v0xd9f070_0 .var/2s "result", 31 0;
v0xd9f150_0 .var/2s "test_id", 31 0;
v0xd9f230_0 .var/str "test_name";
TD_tb.test_finish ;
    %vpi_func 3 30 "$fopen" 32, "global.txt", "a" {0 0 0};
    %cast2;
    %store/vec4 v0xdaab30_0, 0, 32;
    %vpi_call/w 3 32 "$display", "\000" {0 0 0};
    %vpi_call/w 3 33 "$display", "\000" {0 0 0};
    %load/vec4 v0xd9f070_0;
    %cmpi/e 1, 0, 32;
    %jmp/0xz  T_0.0, 4;
    %vpi_call/w 3 36 "$fdisplay", v0xdaab30_0, "test_id=%-5d test_name: %15s         TEST_PASSED", v0xd9f150_0, v0xd9f230_0 {0 0 0};
    %vpi_call/w 3 38 "$display", "test_id=%-5d test_name: %15s         TEST_PASSED", v0xd9f150_0, v0xd9f230_0 {0 0 0};
    %jmp T_0.1;
T_0.0 ;
    %vpi_call/w 3 41 "$fdisplay", v0xdaab30_0, "test_id=%-5d test_name: %15s         TEST_FAILED *******", v0xd9f150_0, v0xd9f230_0 {0 0 0};
    %vpi_call/w 3 43 "$display", "test_id=%-5d test_name: %15s         TEST_FAILED *******", v0xd9f150_0, v0xd9f230_0 {0 0 0};
T_0.1 ;
    %vpi_call/w 3 47 "$fclose", v0xdaab30_0 {0 0 0};
    %vpi_call/w 3 49 "$display", "\000" {0 0 0};
    %vpi_call/w 3 50 "$display", "\000" {0 0 0};
    %vpi_call/w 3 52 "$finish" {0 0 0};
    %end;
S_0xd9f300 .scope task, "test_init" "test_init" 3 161, 3 161 0, S_0xd68e90;
 .timescale -9 -9;
TD_tb.test_init ;
    %pushi/vec4 0, 0, 4;
    %assign/vec4 v0xdaabf0_0, 0;
    %end;
S_0xd9f510 .scope task, "test_seq_p0" "test_seq_p0" 3 166, 3 166 0, S_0xd68e90;
 .timescale -9 -9;
TD_tb.test_seq_p0 ;
    %fork t_1, S_0xd9f6f0;
    %jmp t_0;
    .scope S_0xd9f6f0;
t_1 ;
    %pushi/vec4 1, 0, 32;
    %store/vec4 v0xd9f8d0_0, 0, 32;
T_2.2 ;
    %load/vec4 v0xd9f8d0_0;
    %cmpi/s 1000, 0, 32;
    %jmp/0xz T_2.3, 5;
    %pushi/vec4 1, 0, 1;
    %ix/load 4, 1, 0;
    %ix/load 5, 0, 0;
    %flag_set/imm 4, 0;
    %assign/vec4/off/d v0xdaabf0_0, 4, 5;
    %delay 500, 0;
    %pushi/vec4 0, 0, 1;
    %ix/load 4, 1, 0;
    %ix/load 5, 0, 0;
    %flag_set/imm 4, 0;
    %assign/vec4/off/d v0xdaabf0_0, 4, 5;
    %delay 500, 0;
    ; show_stmt_assign_vector: Get l-value for compressed += operand
    %load/vec4 v0xd9f8d0_0;
    %pushi/vec4 1, 0, 32;
    %add;
    %cast2;
    %store/vec4 v0xd9f8d0_0, 0, 32;
    %jmp T_2.2;
T_2.3 ;
    %end;
    .scope S_0xd9f510;
t_0 %join;
    %end;
S_0xd9f6f0 .scope begin, "$ivl_for_loop1" "$ivl_for_loop1" 3 168, 3 168 0, S_0xd9f510;
 .timescale -9 -9;
v0xd9f8d0_0 .var/2s "loop", 31 0;
S_0xd9f9d0 .scope task, "test_seq_p1" "test_seq_p1" 3 180, 3 180 0, S_0xd68e90;
 .timescale -9 -9;
TD_tb.test_seq_p1 ;
    %fork t_3, S_0xd9fc00;
    %jmp t_2;
    .scope S_0xd9fc00;
t_3 ;
    %pushi/vec4 1, 0, 32;
    %store/vec4 v0xd9fe00_0, 0, 32;
T_3.4 ;
    %load/vec4 v0xd9fe00_0;
    %cmpi/s 1000, 0, 32;
    %jmp/0xz T_3.5, 5;
    %pushi/vec4 1, 0, 1;
    %ix/load 4, 2, 0;
    %ix/load 5, 0, 0;
    %flag_set/imm 4, 0;
    %assign/vec4/off/d v0xdaabf0_0, 4, 5;
    %delay 500, 0;
    %pushi/vec4 0, 0, 1;
    %ix/load 4, 2, 0;
    %ix/load 5, 0, 0;
    %flag_set/imm 4, 0;
    %assign/vec4/off/d v0xdaabf0_0, 4, 5;
    %delay 800, 0;
    ; show_stmt_assign_vector: Get l-value for compressed += operand
    %load/vec4 v0xd9fe00_0;
    %pushi/vec4 1, 0, 32;
    %add;
    %cast2;
    %store/vec4 v0xd9fe00_0, 0, 32;
    %jmp T_3.4;
T_3.5 ;
    %end;
    .scope S_0xd9f9d0;
t_2 %join;
    %end;
S_0xd9fc00 .scope begin, "$ivl_for_loop2" "$ivl_for_loop2" 3 182, 3 182 0, S_0xd9f9d0;
 .timescale -9 -9;
v0xd9fe00_0 .var/2s "loop", 31 0;
S_0xd9ff00 .scope task, "test_seq_p2" "test_seq_p2" 3 196, 3 196 0, S_0xd68e90;
 .timescale -9 -9;
TD_tb.test_seq_p2 ;
    %fork t_5, S_0xda00e0;
    %jmp t_4;
    .scope S_0xda00e0;
t_5 ;
    %pushi/vec4 0, 0, 32;
    %store/vec4 v0xda05e0_0, 0, 32;
T_4.6 ;
    %load/vec4 v0xda05e0_0;
    %cmpi/s 16, 0, 32;
    %jmp/0xz T_4.7, 5;
    %fork t_7, S_0xda02e0;
    %jmp t_6;
    .scope S_0xda02e0;
t_7 ;
    %pushi/vec4 0, 0, 32;
    %store/vec4 v0xda04e0_0, 0, 32;
T_4.8 ;
    %load/vec4 v0xdaaa60_0;
    %parti/s 4, 0, 2;
    %pad/u 32;
    %load/vec4 v0xda05e0_0;
    %cmp/ne;
    %jmp/0xz T_4.9, 4;
    %wait E_0xd564a0;
    ; show_stmt_assign_vector: Get l-value for compressed += operand
    %load/vec4 v0xda04e0_0;
    %pushi/vec4 1, 0, 32;
    %add;
    %cast2;
    %store/vec4 v0xda04e0_0, 0, 32;
    %jmp T_4.8;
T_4.9 ;
    %end;
    .scope S_0xda00e0;
t_6 %join;
    ; show_stmt_assign_vector: Get l-value for compressed += operand
    %load/vec4 v0xda05e0_0;
    %pushi/vec4 1, 0, 32;
    %add;
    %cast2;
    %store/vec4 v0xda05e0_0, 0, 32;
    %jmp T_4.6;
T_4.7 ;
    %end;
    .scope S_0xd9ff00;
t_4 %join;
    %end;
S_0xda00e0 .scope begin, "$ivl_for_loop3" "$ivl_for_loop3" 3 198, 3 198 0, S_0xd9ff00;
 .timescale -9 -9;
v0xda05e0_0 .var/2s "ii", 31 0;
S_0xda02e0 .scope begin, "$ivl_for_loop4" "$ivl_for_loop4" 3 200, 3 200 0, S_0xda00e0;
 .timescale -9 -9;
v0xda04e0_0 .var/2s "kk", 31 0;
S_0xda06e0 .scope module, "uut" "top" 3 76, 4 4 0, S_0xd68e90;
 .timescale -9 -9;
    .port_info 0 /INPUT 1 "clk";
    .port_info 1 /INPUT 1 "reset_p";
    .port_info 2 /INPUT 4 "key_sw_p";
    .port_info 3 /OUTPUT 16 "display_number";
    .port_info 4 /OUTPUT 4 "led_p";
P_0xda08c0 .param/l "is_simulation" 0 4 6, +C4<00000000000000000000000000000001>;
v0xda8f50_0 .net *"_ivl_1", 0 0, L_0xdbdeb0;  1 drivers
v0xda9050_0 .net *"_ivl_11", 7 0, L_0xdbe130;  1 drivers
v0xda9130_0 .net *"_ivl_16", 7 0, L_0xdbe310;  1 drivers
L_0x7fbbb12344e0 .functor BUFT 1, C4<01010>, C4<0>, C4<0>, C4<0>;
v0xda9220_0 .net/2u *"_ivl_2", 4 0, L_0x7fbbb12344e0;  1 drivers
v0xda9300_0 .net *"_ivl_20", 0 0, L_0xdbe450;  1 drivers
L_0x7fbbb1234570 .functor BUFT 1, C4<0000000000000000000000000000000>, C4<0>, C4<0>, C4<0>;
v0xda9430_0 .net/2u *"_ivl_24", 30 0, L_0x7fbbb1234570;  1 drivers
L_0x7fbbb1234528 .functor BUFT 1, C4<00000>, C4<0>, C4<0>, C4<0>;
v0xda9510_0 .net/2u *"_ivl_4", 4 0, L_0x7fbbb1234528;  1 drivers
v0xda95f0_0 .net "clk", 0 0, v0xdaa900_0;  1 drivers
v0xda9690_0 .net "display_number", 15 0, L_0xdbe1d0;  alias, 1 drivers
v0xda9800_0 .net "key_sw_p", 3 0, v0xdaabf0_0;  1 drivers
v0xda98e0_0 .var "key_sw_p_z1", 3 0;
v0xda99c0_0 .var "key_sw_p_z2", 3 0;
v0xda9aa0_0 .net "led_p", 3 0, L_0xdbe630;  alias, 1 drivers
v0xda9b80_0 .net "p0_imAddr", 31 0, L_0xdbb9f0;  1 drivers
v0xda9c40_0 .net "p0_imData", 31 0, L_0xdab350;  1 drivers
v0xda9d50_0 .net "p0_regAddr", 4 0, L_0xdbdfa0;  1 drivers
v0xda9e60_0 .net "p0_regData", 31 0, L_0xdbd750;  1 drivers
v0xdaa010_0 .var "p0_reset_n", 0 0;
v0xdaa0b0_0 .net "p0_vcu_reg_control", 31 0, v0xda88c0_0;  1 drivers
v0xdaa150_0 .net "p0_vcu_reg_control_we", 0 0, v0xda8980_0;  1 drivers
v0xdaa1f0_0 .net "p0_vcu_reg_rdata", 31 0, L_0xdbe4f0;  1 drivers
v0xdaa2e0_0 .net "p0_vcu_reg_wdata", 31 0, v0xda8b00_0;  1 drivers
v0xdaa380_0 .net "p0_vcu_reg_wdata_we", 0 0, v0xda8be0_0;  1 drivers
v0xdaa420_0 .net "reset_p", 0 0, v0xdaad80_0;  1 drivers
v0xdaa4c0_0 .var "rstp", 0 0;
v0xdaa560_0 .var "tick_counter", 27 0;
L_0xdbdeb0 .part v0xdaabf0_0, 1, 1;
L_0xdbdfa0 .functor MUXZ 5, L_0x7fbbb1234528, L_0x7fbbb12344e0, L_0xdbdeb0, C4<>;
L_0xdbe130 .part L_0xdbd750, 0, 8;
L_0xdbe1d0 .concat8 [ 8 8 0 0], L_0xdbe310, L_0xdbe130;
L_0xdbe310 .part v0xda8b00_0, 0, 8;
L_0xdbe450 .part v0xdaa560_0, 27, 1;
L_0xdbe4f0 .concat8 [ 1 31 0 0], L_0xdbe450, L_0x7fbbb1234570;
L_0xdbe630 .part L_0xdbe1d0, 0, 4;
S_0xda0a10 .scope module, "p0_rom" "sm_rom" 4 58, 5 11 0, S_0xda06e0;
 .timescale -9 -9;
    .port_info 0 /INPUT 32 "a";
    .port_info 1 /OUTPUT 32 "rd";
P_0xda0c10 .param/str "PROG_NAME" 0 5 13, "p0_program.hex";
P_0xda0c50 .param/l "SIZE" 0 5 14, +C4<00000000000000000000000010000000>;
L_0xdab350 .functor BUFZ 32, L_0xdab260, C4<00000000000000000000000000000000>, C4<00000000000000000000000000000000>, C4<00000000000000000000000000000000>;
v0xda0e20_0 .net *"_ivl_0", 31 0, L_0xdab260;  1 drivers
v0xda0f20_0 .net "a", 31 0, L_0xdbb9f0;  alias, 1 drivers
v0xda1000_0 .net "rd", 31 0, L_0xdab350;  alias, 1 drivers
v0xda10c0 .array "rom", 0 127, 31 0;
L_0xdab260 .array/port v0xda10c0, L_0xdbb9f0;
S_0xda11e0 .scope module, "p0_sm_cpu_vc" "sr_cpu_vc" 4 74, 6 21 0, S_0xda06e0;
 .timescale -9 -9;
    .port_info 0 /INPUT 1 "clk";
    .port_info 1 /INPUT 1 "rst_n";
    .port_info 2 /INPUT 5 "regAddr";
    .port_info 3 /OUTPUT 32 "regData";
    .port_info 4 /OUTPUT 32 "imAddr";
    .port_info 5 /INPUT 32 "imData";
    .port_info 6 /OUTPUT 32 "vcu_reg_control";
    .port_info 7 /OUTPUT 1 "vcu_reg_control_we";
    .port_info 8 /OUTPUT 32 "vcu_reg_wdata";
    .port_info 9 /OUTPUT 1 "vcu_reg_wdata_we";
    .port_info 10 /INPUT 32 "vcu_reg_rdata";
L_0xdbb620 .functor BUFZ 32, L_0xdab350, C4<00000000000000000000000000000000>, C4<00000000000000000000000000000000>, C4<00000000000000000000000000000000>;
v0xda6820_0 .net *"_ivl_10", 29 0, L_0xdbb8c0;  1 drivers
L_0x7fbbb1234060 .functor BUFT 1, C4<00>, C4<0>, C4<0>, C4<0>;
v0xda6920_0 .net *"_ivl_12", 1 0, L_0x7fbbb1234060;  1 drivers
v0xda6a00_0 .net *"_ivl_16", 31 0, L_0xdbd520;  1 drivers
L_0x7fbbb1234408 .functor BUFT 1, C4<000000000000000000000000000>, C4<0>, C4<0>, C4<0>;
v0xda6af0_0 .net *"_ivl_19", 26 0, L_0x7fbbb1234408;  1 drivers
L_0x7fbbb1234018 .functor BUFT 1, C4<00000000000000000000000000000100>, C4<0>, C4<0>, C4<0>;
v0xda6bd0_0 .net/2u *"_ivl_2", 31 0, L_0x7fbbb1234018;  1 drivers
L_0x7fbbb1234450 .functor BUFT 1, C4<00000000000000000000000000000000>, C4<0>, C4<0>, C4<0>;
v0xda6cb0_0 .net/2u *"_ivl_20", 31 0, L_0x7fbbb1234450;  1 drivers
v0xda6d90_0 .net *"_ivl_22", 0 0, L_0xdbd610;  1 drivers
v0xda6e50_0 .net "aluControl", 2 0, v0xda5e10_0;  1 drivers
v0xda6f60_0 .net "aluResult", 31 0, v0xda1a20_0;  1 drivers
v0xda70b0_0 .net "aluSrc", 0 0, v0xda5ed0_0;  1 drivers
v0xda7150_0 .net "aluZero", 0 0, L_0xdbdb80;  1 drivers
v0xda71f0_0 .net "clk", 0 0, v0xdaa900_0;  alias, 1 drivers
v0xda72e0_0 .net "cmdF3", 2 0, L_0xdbbdd0;  1 drivers
v0xda73d0_0 .net "cmdF7", 6 0, L_0xdbbfb0;  1 drivers
v0xda74c0_0 .net "cmdOp", 6 0, L_0xdbbc00;  1 drivers
v0xda75d0_0 .net "imAddr", 31 0, L_0xdbb9f0;  alias, 1 drivers
v0xda7690_0 .net "imData", 31 0, L_0xdab350;  alias, 1 drivers
v0xda7840_0 .net "immB", 31 0, v0xda24e0_0;  1 drivers
v0xda78e0_0 .net "immI", 31 0, v0xda25c0_0;  1 drivers
v0xda7980_0 .net "immU", 31 0, v0xda26f0_0;  1 drivers
v0xda7a20_0 .net "instr", 31 0, L_0xdbb620;  1 drivers
v0xda7ac0_0 .net "pc", 31 0, v0xda31d0_0;  1 drivers
v0xda7b60_0 .net "pcBranch", 31 0, L_0xdab3e0;  1 drivers
v0xda7c00_0 .net "pcNext", 31 0, L_0xdbb6e0;  1 drivers
v0xda7cf0_0 .net "pcPlus4", 31 0, L_0xdab480;  1 drivers
v0xda7db0_0 .net "pcSrc", 0 0, L_0xdbde40;  1 drivers
v0xda7e80_0 .net "rd", 4 0, L_0xdbbca0;  1 drivers
v0xda7f70_0 .net "rd0", 31 0, L_0xdbc560;  1 drivers
v0xda8030_0 .net "rd1", 31 0, L_0xdbccb0;  1 drivers
v0xda8120_0 .net "rd2", 31 0, L_0xdbd340;  1 drivers
v0xda81e0_0 .net "regAddr", 4 0, L_0xdbdfa0;  alias, 1 drivers
v0xda82b0_0 .net "regData", 31 0, L_0xdbd750;  alias, 1 drivers
v0xda8370_0 .net "regWrite", 0 0, v0xda6590_0;  1 drivers
v0xda7780_0 .net "rs1", 4 0, L_0xdbbe70;  1 drivers
v0xda8670_0 .net "rs2", 4 0, L_0xdbbf10;  1 drivers
v0xda8780_0 .net "rst_n", 0 0, v0xdaa010_0;  1 drivers
v0xda8820_0 .net "srcB", 31 0, L_0xdbd8e0;  1 drivers
v0xda88c0_0 .var "vcu_reg_control", 31 0;
v0xda8980_0 .var "vcu_reg_control_we", 0 0;
v0xda8a40_0 .net "vcu_reg_rdata", 31 0, L_0xdbe4f0;  alias, 1 drivers
v0xda8b00_0 .var "vcu_reg_wdata", 31 0;
v0xda8be0_0 .var "vcu_reg_wdata_we", 0 0;
v0xda8ca0_0 .net "wd3", 31 0, L_0xdbdc70;  1 drivers
v0xda8d60_0 .net "wdSrc", 0 0, v0xda6660_0;  1 drivers
L_0xdab3e0 .arith/sum 32, v0xda31d0_0, v0xda24e0_0;
L_0xdab480 .arith/sum 32, v0xda31d0_0, L_0x7fbbb1234018;
L_0xdbb6e0 .functor MUXZ 32, L_0xdab480, L_0xdab3e0, L_0xdbde40, C4<>;
L_0xdbb8c0 .part v0xda31d0_0, 2, 30;
L_0xdbb9f0 .concat [ 30 2 0 0], L_0xdbb8c0, L_0x7fbbb1234060;
L_0xdbd520 .concat [ 5 27 0 0], L_0xdbdfa0, L_0x7fbbb1234408;
L_0xdbd610 .cmp/ne 32, L_0xdbd520, L_0x7fbbb1234450;
L_0xdbd750 .functor MUXZ 32, v0xda31d0_0, L_0xdbc560, L_0xdbd610, C4<>;
L_0xdbd8e0 .functor MUXZ 32, L_0xdbd340, v0xda25c0_0, v0xda5ed0_0, C4<>;
L_0xdbdc70 .functor MUXZ 32, v0xda1a20_0, v0xda26f0_0, v0xda6660_0, C4<>;
S_0xda1530 .scope module, "alu" "sr_alu" 6 131, 7 14 0, S_0xda11e0;
 .timescale -9 -9;
    .port_info 0 /INPUT 32 "srcA";
    .port_info 1 /INPUT 32 "srcB";
    .port_info 2 /INPUT 3 "oper";
    .port_info 3 /OUTPUT 1 "zero";
    .port_info 4 /OUTPUT 32 "result";
L_0x7fbbb1234498 .functor BUFT 1, C4<00000000000000000000000000000000>, C4<0>, C4<0>, C4<0>;
v0xda1840_0 .net/2u *"_ivl_0", 31 0, L_0x7fbbb1234498;  1 drivers
v0xda1940_0 .net "oper", 2 0, v0xda5e10_0;  alias, 1 drivers
v0xda1a20_0 .var "result", 31 0;
v0xda1b10_0 .net "srcA", 31 0, L_0xdbccb0;  alias, 1 drivers
v0xda1bf0_0 .net "srcB", 31 0, L_0xdbd8e0;  alias, 1 drivers
v0xda1d20_0 .net "zero", 0 0, L_0xdbdb80;  alias, 1 drivers
E_0xda17c0 .event anyedge, v0xda1940_0, v0xda1b10_0, v0xda1bf0_0;
L_0xdbdb80 .cmp/eq 32, v0xda1a20_0, L_0x7fbbb1234498;
S_0xda1e80 .scope module, "id" "sr_decode" 6 67, 8 12 0, S_0xda11e0;
 .timescale -9 -9;
    .port_info 0 /INPUT 32 "instr";
    .port_info 1 /OUTPUT 7 "cmdOp";
    .port_info 2 /OUTPUT 5 "rd";
    .port_info 3 /OUTPUT 3 "cmdF3";
    .port_info 4 /OUTPUT 5 "rs1";
    .port_info 5 /OUTPUT 5 "rs2";
    .port_info 6 /OUTPUT 7 "cmdF7";
    .port_info 7 /OUTPUT 32 "immI";
    .port_info 8 /OUTPUT 32 "immB";
    .port_info 9 /OUTPUT 32 "immU";
v0xda2240_0 .net "cmdF3", 2 0, L_0xdbbdd0;  alias, 1 drivers
v0xda2340_0 .net "cmdF7", 6 0, L_0xdbbfb0;  alias, 1 drivers
v0xda2420_0 .net "cmdOp", 6 0, L_0xdbbc00;  alias, 1 drivers
v0xda24e0_0 .var "immB", 31 0;
v0xda25c0_0 .var "immI", 31 0;
v0xda26f0_0 .var "immU", 31 0;
v0xda27d0_0 .net "instr", 31 0, L_0xdbb620;  alias, 1 drivers
v0xda28b0_0 .net "rd", 4 0, L_0xdbbca0;  alias, 1 drivers
v0xda2990_0 .net "rs1", 4 0, L_0xdbbe70;  alias, 1 drivers
v0xda2b00_0 .net "rs2", 4 0, L_0xdbbf10;  alias, 1 drivers
E_0xda21e0 .event anyedge, v0xda27d0_0;
L_0xdbbc00 .part L_0xdbb620, 0, 7;
L_0xdbbca0 .part L_0xdbb620, 7, 5;
L_0xdbbdd0 .part L_0xdbb620, 12, 3;
L_0xdbbe70 .part L_0xdbb620, 15, 5;
L_0xdbbf10 .part L_0xdbb620, 20, 5;
L_0xdbbfb0 .part L_0xdbb620, 25, 7;
S_0xda2d80 .scope module, "r_pc" "sm_register" 6 60, 9 11 0, S_0xda11e0;
 .timescale -9 -9;
    .port_info 0 /INPUT 1 "clk";
    .port_info 1 /INPUT 1 "rst";
    .port_info 2 /INPUT 32 "d";
    .port_info 3 /OUTPUT 32 "q";
v0xda3010_0 .net "clk", 0 0, v0xdaa900_0;  alias, 1 drivers
v0xda30f0_0 .net "d", 31 0, L_0xdbb6e0;  alias, 1 drivers
v0xda31d0_0 .var "q", 31 0;
v0xda32c0_0 .net "rst", 0 0, v0xdaa010_0;  alias, 1 drivers
E_0xda2fb0/0 .event negedge, v0xda32c0_0;
E_0xda2fb0/1 .event posedge, v0xda3010_0;
E_0xda2fb0 .event/or E_0xda2fb0/0, E_0xda2fb0/1;
S_0xda3430 .scope module, "rf" "sm_register_file_vc" 6 86, 10 11 0, S_0xda11e0;
 .timescale -9 -9;
    .port_info 0 /INPUT 1 "clk";
    .port_info 1 /INPUT 5 "a0";
    .port_info 2 /INPUT 5 "a1";
    .port_info 3 /INPUT 5 "a2";
    .port_info 4 /INPUT 5 "a3";
    .port_info 5 /OUTPUT 32 "rd0";
    .port_info 6 /OUTPUT 32 "rd1";
    .port_info 7 /OUTPUT 32 "rd2";
    .port_info 8 /INPUT 32 "wd3";
    .port_info 9 /INPUT 1 "we3";
    .port_info 10 /INPUT 32 "vcu_reg_rdata";
v0xda3720_0 .net *"_ivl_0", 31 0, L_0xdbc160;  1 drivers
v0xda3820_0 .net *"_ivl_10", 6 0, L_0xdbc390;  1 drivers
L_0x7fbbb1234138 .functor BUFT 1, C4<00>, C4<0>, C4<0>, C4<0>;
v0xda3900_0 .net *"_ivl_13", 1 0, L_0x7fbbb1234138;  1 drivers
L_0x7fbbb1234180 .functor BUFT 1, C4<00000000000000000000000000000000>, C4<0>, C4<0>, C4<0>;
v0xda39c0_0 .net/2u *"_ivl_14", 31 0, L_0x7fbbb1234180;  1 drivers
v0xda3aa0_0 .net *"_ivl_18", 31 0, L_0xdbc740;  1 drivers
L_0x7fbbb12341c8 .functor BUFT 1, C4<000000000000000000000000000>, C4<0>, C4<0>, C4<0>;
v0xda3bd0_0 .net *"_ivl_21", 26 0, L_0x7fbbb12341c8;  1 drivers
L_0x7fbbb1234210 .functor BUFT 1, C4<00000000000000000000000000000000>, C4<0>, C4<0>, C4<0>;
v0xda3cb0_0 .net/2u *"_ivl_22", 31 0, L_0x7fbbb1234210;  1 drivers
v0xda3d90_0 .net *"_ivl_24", 0 0, L_0xdbc8b0;  1 drivers
v0xda3e50_0 .net *"_ivl_26", 31 0, L_0xdbc9f0;  1 drivers
v0xda3fc0_0 .net *"_ivl_28", 6 0, L_0xdbcae0;  1 drivers
L_0x7fbbb12340a8 .functor BUFT 1, C4<000000000000000000000000000>, C4<0>, C4<0>, C4<0>;
v0xda40a0_0 .net *"_ivl_3", 26 0, L_0x7fbbb12340a8;  1 drivers
L_0x7fbbb1234258 .functor BUFT 1, C4<00>, C4<0>, C4<0>, C4<0>;
v0xda4180_0 .net *"_ivl_31", 1 0, L_0x7fbbb1234258;  1 drivers
L_0x7fbbb12342a0 .functor BUFT 1, C4<00000000000000000000000000000000>, C4<0>, C4<0>, C4<0>;
v0xda4260_0 .net/2u *"_ivl_32", 31 0, L_0x7fbbb12342a0;  1 drivers
v0xda4340_0 .net *"_ivl_36", 31 0, L_0xdbce00;  1 drivers
L_0x7fbbb12342e8 .functor BUFT 1, C4<000000000000000000000000000>, C4<0>, C4<0>, C4<0>;
v0xda4420_0 .net *"_ivl_39", 26 0, L_0x7fbbb12342e8;  1 drivers
L_0x7fbbb12340f0 .functor BUFT 1, C4<00000000000000000000000000000000>, C4<0>, C4<0>, C4<0>;
v0xda4500_0 .net/2u *"_ivl_4", 31 0, L_0x7fbbb12340f0;  1 drivers
L_0x7fbbb1234330 .functor BUFT 1, C4<00000000000000000000000000000000>, C4<0>, C4<0>, C4<0>;
v0xda45e0_0 .net/2u *"_ivl_40", 31 0, L_0x7fbbb1234330;  1 drivers
v0xda4790_0 .net *"_ivl_42", 0 0, L_0xdbcf30;  1 drivers
v0xda4830_0 .net *"_ivl_44", 31 0, L_0xdbd0e0;  1 drivers
v0xda48f0_0 .net *"_ivl_46", 6 0, L_0xdbd180;  1 drivers
L_0x7fbbb1234378 .functor BUFT 1, C4<00>, C4<0>, C4<0>, C4<0>;
v0xda49d0_0 .net *"_ivl_49", 1 0, L_0x7fbbb1234378;  1 drivers
L_0x7fbbb12343c0 .functor BUFT 1, C4<00000000000000000000000000000000>, C4<0>, C4<0>, C4<0>;
v0xda4ab0_0 .net/2u *"_ivl_50", 31 0, L_0x7fbbb12343c0;  1 drivers
v0xda4b90_0 .net *"_ivl_6", 0 0, L_0xdbc200;  1 drivers
v0xda4c50_0 .net *"_ivl_8", 31 0, L_0xdbc2f0;  1 drivers
v0xda4d30_0 .net "a0", 4 0, L_0xdbdfa0;  alias, 1 drivers
v0xda4e10_0 .net "a1", 4 0, L_0xdbbe70;  alias, 1 drivers
v0xda4ed0_0 .net "a2", 4 0, L_0xdbbf10;  alias, 1 drivers
v0xda4fa0_0 .net "a3", 4 0, L_0xdbbca0;  alias, 1 drivers
v0xda5070_0 .net "clk", 0 0, v0xdaa900_0;  alias, 1 drivers
v0xda5140_0 .net "rd0", 31 0, L_0xdbc560;  alias, 1 drivers
v0xda51e0_0 .net "rd1", 31 0, L_0xdbccb0;  alias, 1 drivers
v0xda52d0_0 .net "rd2", 31 0, L_0xdbd340;  alias, 1 drivers
v0xda5390 .array "rf", 0 31, 31 0;
v0xda46a0_0 .net "vcu_reg_rdata", 31 0, L_0xdbe4f0;  alias, 1 drivers
v0xda5640_0 .net "wd3", 31 0, L_0xdbdc70;  alias, 1 drivers
v0xda5720_0 .net "we3", 0 0, v0xda6590_0;  alias, 1 drivers
L_0xdbc160 .concat [ 5 27 0 0], L_0xdbdfa0, L_0x7fbbb12340a8;
L_0xdbc200 .cmp/ne 32, L_0xdbc160, L_0x7fbbb12340f0;
L_0xdbc2f0 .array/port v0xda5390, L_0xdbc390;
L_0xdbc390 .concat [ 5 2 0 0], L_0xdbdfa0, L_0x7fbbb1234138;
L_0xdbc560 .functor MUXZ 32, L_0x7fbbb1234180, L_0xdbc2f0, L_0xdbc200, C4<>;
L_0xdbc740 .concat [ 5 27 0 0], L_0xdbbe70, L_0x7fbbb12341c8;
L_0xdbc8b0 .cmp/ne 32, L_0xdbc740, L_0x7fbbb1234210;
L_0xdbc9f0 .array/port v0xda5390, L_0xdbcae0;
L_0xdbcae0 .concat [ 5 2 0 0], L_0xdbbe70, L_0x7fbbb1234258;
L_0xdbccb0 .functor MUXZ 32, L_0x7fbbb12342a0, L_0xdbc9f0, L_0xdbc8b0, C4<>;
L_0xdbce00 .concat [ 5 27 0 0], L_0xdbbf10, L_0x7fbbb12342e8;
L_0xdbcf30 .cmp/ne 32, L_0xdbce00, L_0x7fbbb1234330;
L_0xdbd0e0 .array/port v0xda5390, L_0xdbd180;
L_0xdbd180 .concat [ 5 2 0 0], L_0xdbbf10, L_0x7fbbb1234378;
L_0xdbd340 .functor MUXZ 32, L_0x7fbbb12343c0, L_0xdbd0e0, L_0xdbcf30, C4<>;
S_0xda59a0 .scope module, "sm_control" "sr_control" 6 142, 11 12 0, S_0xda11e0;
 .timescale -9 -9;
    .port_info 0 /INPUT 7 "cmdOp";
    .port_info 1 /INPUT 3 "cmdF3";
    .port_info 2 /INPUT 7 "cmdF7";
    .port_info 3 /INPUT 1 "aluZero";
    .port_info 4 /OUTPUT 1 "pcSrc";
    .port_info 5 /OUTPUT 1 "regWrite";
    .port_info 6 /OUTPUT 1 "aluSrc";
    .port_info 7 /OUTPUT 1 "wdSrc";
    .port_info 8 /OUTPUT 3 "aluControl";
L_0xdbd070 .functor XNOR 1, L_0xdbdb80, v0xda63a0_0, C4<0>, C4<0>;
L_0xdbde40 .functor AND 1, v0xda6070_0, L_0xdbd070, C4<1>, C4<1>;
v0xda5d30_0 .net *"_ivl_0", 0 0, L_0xdbd070;  1 drivers
v0xda5e10_0 .var "aluControl", 2 0;
v0xda5ed0_0 .var "aluSrc", 0 0;
v0xda5fa0_0 .net "aluZero", 0 0, L_0xdbdb80;  alias, 1 drivers
v0xda6070_0 .var "branch", 0 0;
v0xda6160_0 .net "cmdF3", 2 0, L_0xdbbdd0;  alias, 1 drivers
v0xda6200_0 .net "cmdF7", 6 0, L_0xdbbfb0;  alias, 1 drivers
v0xda62d0_0 .net "cmdOp", 6 0, L_0xdbbc00;  alias, 1 drivers
v0xda63a0_0 .var "condZero", 0 0;
v0xda64d0_0 .net "pcSrc", 0 0, L_0xdbde40;  alias, 1 drivers
v0xda6590_0 .var "regWrite", 0 0;
v0xda6660_0 .var "wdSrc", 0 0;
E_0xda5cb0 .event anyedge, v0xda2340_0, v0xda2240_0, v0xda2420_0;
    .scope S_0xda0a10;
T_5 ;
    %vpi_call/w 5 24 "$readmemh", P_0xda0c10, v0xda10c0 {0 0 0};
    %end;
    .thread T_5;
    .scope S_0xda2d80;
T_6 ;
    %wait E_0xda2fb0;
    %load/vec4 v0xda32c0_0;
    %inv;
    %flag_set/vec4 8;
    %jmp/0xz  T_6.0, 8;
    %pushi/vec4 0, 0, 32;
    %assign/vec4 v0xda31d0_0, 0;
    %jmp T_6.1;
T_6.0 ;
    %load/vec4 v0xda30f0_0;
    %assign/vec4 v0xda31d0_0, 0;
T_6.1 ;
    %jmp T_6;
    .thread T_6;
    .scope S_0xda1e80;
T_7 ;
    %wait E_0xda21e0;
    %load/vec4 v0xda27d0_0;
    %parti/s 11, 20, 6;
    %ix/load 4, 0, 0;
    %flag_set/imm 4, 0;
    %store/vec4 v0xda25c0_0, 4, 11;
    %load/vec4 v0xda27d0_0;
    %parti/s 1, 31, 6;
    %replicate 21;
    %ix/load 4, 11, 0;
    %flag_set/imm 4, 0;
    %store/vec4 v0xda25c0_0, 4, 21;
    %jmp T_7;
    .thread T_7, $push;
    .scope S_0xda1e80;
T_8 ;
    %wait E_0xda21e0;
    %pushi/vec4 0, 0, 1;
    %ix/load 4, 0, 0;
    %flag_set/imm 4, 0;
    %store/vec4 v0xda24e0_0, 4, 1;
    %load/vec4 v0xda27d0_0;
    %parti/s 4, 8, 5;
    %ix/load 4, 1, 0;
    %flag_set/imm 4, 0;
    %store/vec4 v0xda24e0_0, 4, 4;
    %load/vec4 v0xda27d0_0;
    %parti/s 6, 25, 6;
    %ix/load 4, 5, 0;
    %flag_set/imm 4, 0;
    %store/vec4 v0xda24e0_0, 4, 6;
    %load/vec4 v0xda27d0_0;
    %parti/s 1, 7, 4;
    %ix/load 4, 11, 0;
    %flag_set/imm 4, 0;
    %store/vec4 v0xda24e0_0, 4, 1;
    %load/vec4 v0xda27d0_0;
    %parti/s 1, 31, 6;
    %replicate 20;
    %ix/load 4, 12, 0;
    %flag_set/imm 4, 0;
    %store/vec4 v0xda24e0_0, 4, 20;
    %jmp T_8;
    .thread T_8, $push;
    .scope S_0xda1e80;
T_9 ;
    %wait E_0xda21e0;
    %pushi/vec4 0, 0, 12;
    %ix/load 4, 0, 0;
    %flag_set/imm 4, 0;
    %store/vec4 v0xda26f0_0, 4, 12;
    %load/vec4 v0xda27d0_0;
    %parti/s 20, 12, 5;
    %ix/load 4, 12, 0;
    %flag_set/imm 4, 0;
    %store/vec4 v0xda26f0_0, 4, 20;
    %jmp T_9;
    .thread T_9, $push;
    .scope S_0xda3430;
T_10 ;
    %wait E_0xd564a0;
    %load/vec4 v0xda4fa0_0;
    %cmpi/ne 30, 0, 5;
    %jmp/0xz  T_10.0, 4;
    %load/vec4 v0xda5720_0;
    %flag_set/vec4 8;
    %jmp/0xz  T_10.2, 8;
    %load/vec4 v0xda5640_0;
    %load/vec4 v0xda4fa0_0;
    %pad/u 7;
    %ix/vec4 3;
    %ix/load 4, 0, 0; Constant delay
    %assign/vec4/a/d v0xda5390, 0, 4;
T_10.2 ;
T_10.0 ;
    %load/vec4 v0xda46a0_0;
    %ix/load 3, 30, 0;
    %flag_set/imm 4, 0;
    %ix/load 4, 0, 0; Constant delay
    %assign/vec4/a/d v0xda5390, 0, 4;
    %jmp T_10;
    .thread T_10;
    .scope S_0xda1530;
T_11 ;
    %wait E_0xda17c0;
    %load/vec4 v0xda1940_0;
    %dup/vec4;
    %pushi/vec4 0, 0, 3;
    %cmp/u;
    %jmp/1 T_11.1, 6;
    %dup/vec4;
    %pushi/vec4 1, 0, 3;
    %cmp/u;
    %jmp/1 T_11.2, 6;
    %dup/vec4;
    %pushi/vec4 2, 0, 3;
    %cmp/u;
    %jmp/1 T_11.3, 6;
    %dup/vec4;
    %pushi/vec4 3, 0, 3;
    %cmp/u;
    %jmp/1 T_11.4, 6;
    %dup/vec4;
    %pushi/vec4 4, 0, 3;
    %cmp/u;
    %jmp/1 T_11.5, 6;
    %load/vec4 v0xda1b10_0;
    %load/vec4 v0xda1bf0_0;
    %add;
    %store/vec4 v0xda1a20_0, 0, 32;
    %jmp T_11.6;
T_11.1 ;
    %load/vec4 v0xda1b10_0;
    %load/vec4 v0xda1bf0_0;
    %add;
    %store/vec4 v0xda1a20_0, 0, 32;
    %jmp T_11.6;
T_11.2 ;
    %load/vec4 v0xda1b10_0;
    %load/vec4 v0xda1bf0_0;
    %or;
    %store/vec4 v0xda1a20_0, 0, 32;
    %jmp T_11.6;
T_11.3 ;
    %load/vec4 v0xda1b10_0;
    %load/vec4 v0xda1bf0_0;
    %parti/s 5, 0, 2;
    %ix/vec4 4;
    %shiftr 4;
    %store/vec4 v0xda1a20_0, 0, 32;
    %jmp T_11.6;
T_11.4 ;
    %load/vec4 v0xda1b10_0;
    %load/vec4 v0xda1bf0_0;
    %cmp/u;
    %flag_mov 8, 5;
    %jmp/0 T_11.7, 8;
    %pushi/vec4 1, 0, 32;
    %jmp/1 T_11.8, 8;
T_11.7 ; End of true expr.
    %pushi/vec4 0, 0, 32;
    %jmp/0 T_11.8, 8;
 ; End of false expr.
    %blend;
T_11.8;
    %store/vec4 v0xda1a20_0, 0, 32;
    %jmp T_11.6;
T_11.5 ;
    %load/vec4 v0xda1b10_0;
    %load/vec4 v0xda1bf0_0;
    %sub;
    %store/vec4 v0xda1a20_0, 0, 32;
    %jmp T_11.6;
T_11.6 ;
    %pop/vec4 1;
    %jmp T_11;
    .thread T_11, $push;
    .scope S_0xda59a0;
T_12 ;
    %wait E_0xda5cb0;
    %pushi/vec4 0, 0, 1;
    %store/vec4 v0xda6070_0, 0, 1;
    %pushi/vec4 0, 0, 1;
    %store/vec4 v0xda63a0_0, 0, 1;
    %pushi/vec4 0, 0, 1;
    %store/vec4 v0xda6590_0, 0, 1;
    %pushi/vec4 0, 0, 1;
    %store/vec4 v0xda5ed0_0, 0, 1;
    %pushi/vec4 0, 0, 1;
    %store/vec4 v0xda6660_0, 0, 1;
    %pushi/vec4 0, 0, 3;
    %store/vec4 v0xda5e10_0, 0, 3;
    %load/vec4 v0xda6200_0;
    %load/vec4 v0xda6160_0;
    %concat/vec4; draw_concat_vec4
    %load/vec4 v0xda62d0_0;
    %concat/vec4; draw_concat_vec4
    %dup/vec4;
    %pushi/vec4 51, 0, 17;
    %cmp/z;
    %jmp/1 T_12.0, 4;
    %dup/vec4;
    %pushi/vec4 819, 0, 17;
    %cmp/z;
    %jmp/1 T_12.1, 4;
    %dup/vec4;
    %pushi/vec4 691, 0, 17;
    %cmp/z;
    %jmp/1 T_12.2, 4;
    %dup/vec4;
    %pushi/vec4 435, 0, 17;
    %cmp/z;
    %jmp/1 T_12.3, 4;
    %dup/vec4;
    %pushi/vec4 32819, 0, 17;
    %cmp/z;
    %jmp/1 T_12.4, 4;
    %dup/vec4;
    %pushi/vec4 19, 130048, 17;
    %cmp/z;
    %jmp/1 T_12.5, 4;
    %dup/vec4;
    %pushi/vec4 55, 130944, 17;
    %cmp/z;
    %jmp/1 T_12.6, 4;
    %dup/vec4;
    %pushi/vec4 99, 130048, 17;
    %cmp/z;
    %jmp/1 T_12.7, 4;
    %dup/vec4;
    %pushi/vec4 227, 130048, 17;
    %cmp/z;
    %jmp/1 T_12.8, 4;
    %jmp T_12.9;
T_12.0 ;
    %pushi/vec4 1, 0, 1;
    %store/vec4 v0xda6590_0, 0, 1;
    %pushi/vec4 0, 0, 3;
    %store/vec4 v0xda5e10_0, 0, 3;
    %jmp T_12.9;
T_12.1 ;
    %pushi/vec4 1, 0, 1;
    %store/vec4 v0xda6590_0, 0, 1;
    %pushi/vec4 1, 0, 3;
    %store/vec4 v0xda5e10_0, 0, 3;
    %jmp T_12.9;
T_12.2 ;
    %pushi/vec4 1, 0, 1;
    %store/vec4 v0xda6590_0, 0, 1;
    %pushi/vec4 2, 0, 3;
    %store/vec4 v0xda5e10_0, 0, 3;
    %jmp T_12.9;
T_12.3 ;
    %pushi/vec4 1, 0, 1;
    %store/vec4 v0xda6590_0, 0, 1;
    %pushi/vec4 3, 0, 3;
    %store/vec4 v0xda5e10_0, 0, 3;
    %jmp T_12.9;
T_12.4 ;
    %pushi/vec4 1, 0, 1;
    %store/vec4 v0xda6590_0, 0, 1;
    %pushi/vec4 4, 0, 3;
    %store/vec4 v0xda5e10_0, 0, 3;
    %jmp T_12.9;
T_12.5 ;
    %pushi/vec4 1, 0, 1;
    %store/vec4 v0xda6590_0, 0, 1;
    %pushi/vec4 1, 0, 1;
    %store/vec4 v0xda5ed0_0, 0, 1;
    %pushi/vec4 0, 0, 3;
    %store/vec4 v0xda5e10_0, 0, 3;
    %jmp T_12.9;
T_12.6 ;
    %pushi/vec4 1, 0, 1;
    %store/vec4 v0xda6590_0, 0, 1;
    %pushi/vec4 1, 0, 1;
    %store/vec4 v0xda6660_0, 0, 1;
    %jmp T_12.9;
T_12.7 ;
    %pushi/vec4 1, 0, 1;
    %store/vec4 v0xda6070_0, 0, 1;
    %pushi/vec4 1, 0, 1;
    %store/vec4 v0xda63a0_0, 0, 1;
    %pushi/vec4 4, 0, 3;
    %store/vec4 v0xda5e10_0, 0, 3;
    %jmp T_12.9;
T_12.8 ;
    %pushi/vec4 1, 0, 1;
    %store/vec4 v0xda6070_0, 0, 1;
    %pushi/vec4 4, 0, 3;
    %store/vec4 v0xda5e10_0, 0, 3;
    %jmp T_12.9;
T_12.9 ;
    %pop/vec4 1;
    %jmp T_12;
    .thread T_12, $push;
    .scope S_0xda11e0;
T_13 ;
    %wait E_0xd564a0;
    %load/vec4 v0xda8780_0;
    %inv;
    %flag_set/vec4 8;
    %jmp/0xz  T_13.0, 8;
    %pushi/vec4 0, 0, 32;
    %assign/vec4 v0xda88c0_0, 0;
    %jmp T_13.1;
T_13.0 ;
    %load/vec4 v0xda8370_0;
    %load/vec4 v0xda7e80_0;
    %pushi/vec4 31, 0, 5;
    %cmp/e;
    %flag_get/vec4 4;
    %and;
    %flag_set/vec4 8;
    %jmp/0xz  T_13.2, 8;
    %load/vec4 v0xda8ca0_0;
    %assign/vec4 v0xda88c0_0, 0;
T_13.2 ;
T_13.1 ;
    %load/vec4 v0xda7e80_0;
    %cmpi/e 31, 0, 5;
    %jmp/0xz  T_13.4, 4;
    %load/vec4 v0xda8370_0;
    %assign/vec4 v0xda8980_0, 0;
    %jmp T_13.5;
T_13.4 ;
    %pushi/vec4 0, 0, 1;
    %assign/vec4 v0xda8980_0, 0;
T_13.5 ;
    %load/vec4 v0xda8780_0;
    %inv;
    %flag_set/vec4 8;
    %jmp/0xz  T_13.6, 8;
    %pushi/vec4 0, 0, 32;
    %assign/vec4 v0xda8b00_0, 0;
    %jmp T_13.7;
T_13.6 ;
    %load/vec4 v0xda8370_0;
    %load/vec4 v0xda7e80_0;
    %pushi/vec4 30, 0, 5;
    %cmp/e;
    %flag_get/vec4 4;
    %and;
    %flag_set/vec4 8;
    %jmp/0xz  T_13.8, 8;
    %load/vec4 v0xda8ca0_0;
    %assign/vec4 v0xda8b00_0, 0;
T_13.8 ;
T_13.7 ;
    %load/vec4 v0xda7e80_0;
    %cmpi/e 30, 0, 5;
    %jmp/0xz  T_13.10, 4;
    %load/vec4 v0xda8370_0;
    %assign/vec4 v0xda8be0_0, 0;
    %jmp T_13.11;
T_13.10 ;
    %pushi/vec4 0, 0, 1;
    %assign/vec4 v0xda8be0_0, 0;
T_13.11 ;
    %jmp T_13;
    .thread T_13;
    .scope S_0xda06e0;
T_14 ;
    %wait E_0xd564a0;
    %load/vec4 v0xdaa420_0;
    %load/vec4 v0xda9800_0;
    %parti/s 1, 0, 2;
    %or;
    %assign/vec4 v0xdaa4c0_0, 1;
    %load/vec4 v0xdaa4c0_0;
    %inv;
    %assign/vec4 v0xdaa010_0, 1;
    %load/vec4 v0xda9800_0;
    %assign/vec4 v0xda98e0_0, 1;
    %load/vec4 v0xda98e0_0;
    %assign/vec4 v0xda99c0_0, 1;
    %jmp T_14;
    .thread T_14;
    .scope S_0xda06e0;
T_15 ;
    %wait E_0xd564a0;
    %load/vec4 v0xdaa4c0_0;
    %flag_set/vec4 8;
    %jmp/1 T_15.2, 8;
    %load/vec4 v0xdaa380_0;
    %flag_set/vec4 9;
    %flag_or 8, 9;
T_15.2;
    %jmp/0xz  T_15.0, 8;
    %pushi/vec4 16, 0, 28;
    %assign/vec4 v0xdaa560_0, 1;
    %jmp T_15.1;
T_15.0 ;
    %load/vec4 v0xdaa560_0;
    %parti/s 1, 27, 6;
    %inv;
    %flag_set/vec4 8;
    %jmp/0xz  T_15.3, 8;
    %load/vec4 v0xdaa560_0;
    %subi 1, 0, 28;
    %assign/vec4 v0xdaa560_0, 1;
T_15.3 ;
T_15.1 ;
    %jmp T_15;
    .thread T_15;
    .scope S_0xd68e90;
T_16 ;
    %pushi/vec4 0, 0, 32;
    %store/vec4 v0xdaae50_0, 0, 32;
    %pushi/vec4 0, 0, 1;
    %store/vec4 v0xdaa900_0, 0, 1;
    %pushi/vec4 0, 0, 1;
    %store/vec4 v0xdab020_0, 0, 1;
    %pushi/vec4 0, 0, 1;
    %store/vec4 v0xdab0e0_0, 0, 1;
    %pushi/vec4 0, 0, 1;
    %store/vec4 v0xdab1a0_0, 0, 1;
    %end;
    .thread T_16, $init;
    .scope S_0xd68e90;
T_17 ;
    %vpi_call/w 3 9 "$dumpfile", "dump.vcd" {0 0 0};
    %vpi_call/w 3 10 "$dumpvars", 32'sb00000000000000000000000000000101 {0 0 0};
    %end;
    .thread T_17;
    .scope S_0xd68e90;
T_18 ;
    %delay 5, 0;
    %load/vec4 v0xdaa900_0;
    %inv;
    %store/vec4 v0xdaa900_0, 0, 1;
    %jmp T_18;
    .thread T_18;
    .scope S_0xd68e90;
T_19 ;
    %pushi/vec4 4294967295, 0, 32;
    %store/vec4 v0xdaa820_0, 0, 32;
    %pushi/str "test_0";
    %ix/load 4, 0, 0;
    %flag_set/imm 4, 0;
    %store/stra v0xdaaf80, 4;
    %pushi/str "test_1";
    %ix/load 4, 1, 0;
    %flag_set/imm 4, 0;
    %store/stra v0xdaaf80, 4;
    %pushi/str "test_2";
    %ix/load 4, 2, 0;
    %flag_set/imm 4, 0;
    %store/stra v0xdaaf80, 4;
    %pushi/str "test_3";
    %ix/load 4, 3, 0;
    %flag_set/imm 4, 0;
    %store/stra v0xdaaf80, 4;
    %vpi_func 3 94 "$value$plusargs" 32, "test_id=%0d", v0xdaa820_0 {0 0 0};
    %cmpi/ne 0, 0, 32;
    %jmp/0xz  T_19.0, 4;
    %load/vec4 v0xdaa820_0;
    %cmpi/s 0, 0, 32;
    %flag_inv 5; GE is !LT
    %flag_get/vec4 5;
    %jmp/0 T_19.4, 5;
    %load/vec4 v0xdaa820_0;
    %cmpi/s 2, 0, 32;
    %flag_get/vec4 5;
    %and;
T_19.4;
    %flag_set/vec4 8;
    %jmp/0xz  T_19.2, 8;
    %load/vec4 v0xdaa820_0;
    %store/vec4 v0xdaae50_0, 0, 32;
T_19.2 ;
    %vpi_call/w 3 98 "$display", "args=%d  test_id=%d", v0xdaa820_0, v0xdaae50_0 {0 0 0};
T_19.0 ;
    %vpi_call/w 3 102 "$display", "Hello, world! test_id=%d  name: %s  ", v0xdaae50_0, &A<v0xdaaf80, v0xdaae50_0 > {0 0 0};
    %pushi/vec4 1, 0, 1;
    %assign/vec4 v0xdaad80_0, 1;
    %delay 200, 0;
    %wait E_0xd564a0;
    %pushi/vec4 0, 0, 1;
    %assign/vec4 v0xdaad80_0, 1;
    %fork t_9, S_0xd76e80;
    %jmp t_8;
    .scope S_0xd76e80;
t_9 ;
    %pushi/vec4 0, 0, 32;
    %store/vec4 v0xd66540_0, 0, 32;
T_19.5 ;
    %load/vec4 v0xdab0e0_0;
    %flag_set/vec4 9;
    %flag_get/vec4 9;
    %jmp/1 T_19.7, 9;
    %load/vec4 v0xdab1a0_0;
    %or;
T_19.7;
    %inv;
    %flag_set/vec4 8;
    %jmp/0xz T_19.6, 8;
    %wait E_0xd564a0;
    ; show_stmt_assign_vector: Get l-value for compressed += operand
    %load/vec4 v0xd66540_0;
    %pushi/vec4 1, 0, 32;
    %add;
    %cast2;
    %store/vec4 v0xd66540_0, 0, 32;
    %jmp T_19.5;
T_19.6 ;
    %end;
    .scope S_0xd68e90;
t_8 %join;
    %delay 200, 0;
    %load/vec4 v0xdaae50_0;
    %store/vec4 v0xd9f150_0, 0, 32;
    %ix/getv/s 4, v0xdaae50_0;
    %load/stra v0xdaaf80, 4;
    %store/str v0xd9f230_0;
    %load/vec4 v0xdab020_0;
    %pad/u 32;
    %cast2;
    %store/vec4 v0xd9f070_0, 0, 32;
    %fork TD_tb.test_finish, S_0xd9ee70;
    %join;
    %end;
    .thread T_19;
    .scope S_0xd68e90;
T_20 ;
    %delay 40000, 0;
    %vpi_call/w 3 127 "$display" {0 0 0};
    %vpi_call/w 3 128 "$display", "***************************  TIMEMOUT  ****************************" {0 0 0};
    %vpi_call/w 3 129 "$display" {0 0 0};
    %pushi/vec4 1, 0, 1;
    %store/vec4 v0xdab1a0_0, 0, 1;
    %end;
    .thread T_20;
    .scope S_0xd68e90;
T_21 ;
    %fork TD_tb.test_init, S_0xd9f300;
    %join;
    %wait E_0xd4f5a0;
    %load/vec4 v0xdaae50_0;
    %dup/vec4;
    %pushi/vec4 0, 0, 32;
    %cmp/u;
    %jmp/1 T_21.0, 6;
    %jmp T_21.1;
T_21.0 ;
    %fork t_11, S_0xd68e90;
    %fork t_12, S_0xd68e90;
    %fork t_13, S_0xd68e90;
    %join;
    %join/detach 2;
    %jmp t_10;
t_11 ;
    %fork TD_tb.test_seq_p0, S_0xd9f510;
    %join;
    %end;
t_12 ;
    %fork TD_tb.test_seq_p1, S_0xd9f9d0;
    %join;
    %end;
t_13 ;
    %fork TD_tb.test_seq_p2, S_0xd9ff00;
    %join;
    %end;
    .scope S_0xd68e90;
t_10 ;
    %load/vec4 v0xdaaa60_0;
    %parti/s 4, 0, 2;
    %cmpi/e 15, 0, 4;
    %jmp/0xz  T_21.2, 4;
    %pushi/vec4 1, 0, 1;
    %store/vec4 v0xdab020_0, 0, 1;
T_21.2 ;
    %jmp T_21.1;
T_21.1 ;
    %pop/vec4 1;
    %pushi/vec4 1, 0, 1;
    %store/vec4 v0xdab0e0_0, 0, 1;
    %end;
    .thread T_21;
# The file index is used to find the file name in the following table.
:file_names 12;
    "N/A";
    "<interactive>";
    "-";
    "../../tb/tb.sv";
    "../../src/top.sv";
    "../../src/school_risk/sm_rom.v";
    "../../src/school_risk/sr_cpu_vc.v";
    "../../src/school_risk/sr_alu.v";
    "../../src/school_risk/sr_decode.v";
    "../../src/school_risk/sm_register.v";
    "../../src/school_risk/sm_register_file_vc.v";
    "../../src/school_risk/sr_control.v";
